<?xml version="1.0" encoding="UTF-8"?>
<!-- Generated by org.testng.reporters.JUnitReportReporter -->
<testsuite skipped="0" hostname="IIUSL" name="logintest" tests="1" failures="0" timestamp="11 Apr 2019 11:30:54 GMT" time="0.014" errors="0">
  <testcase name="userlogin" time="0.014" classname="logintest"/>
</testsuite> <!-- logintest -->
