<?xml version="1.0" encoding="UTF-8"?>
<!-- Generated by org.testng.reporters.JUnitReportReporter -->
<testsuite skipped="0" hostname="IIUSL" name="google.Test.Project.InvocationCountTest" tests="10" failures="0" timestamp="20 Apr 2019 07:12:33 GMT" time="0.028" errors="0">
  <testcase name="sum" time="0.002" classname="google.Test.Project.InvocationCountTest"/>
  <testcase name="sum" time="0.000" classname="google.Test.Project.InvocationCountTest"/>
  <testcase name="sum" time="0.002" classname="google.Test.Project.InvocationCountTest"/>
  <testcase name="sum" time="0.002" classname="google.Test.Project.InvocationCountTest"/>
  <testcase name="sum" time="0.002" classname="google.Test.Project.InvocationCountTest"/>
  <testcase name="sum" time="0.014" classname="google.Test.Project.InvocationCountTest"/>
  <testcase name="sum" time="0.001" classname="google.Test.Project.InvocationCountTest"/>
  <testcase name="sum" time="0.001" classname="google.Test.Project.InvocationCountTest"/>
  <testcase name="sum" time="0.002" classname="google.Test.Project.InvocationCountTest"/>
  <testcase name="sum" time="0.002" classname="google.Test.Project.InvocationCountTest"/>
</testsuite> <!-- google.Test.Project.InvocationCountTest -->
