<?xml version="1.0" encoding="UTF-8"?>
<!-- Generated by org.testng.reporters.JUnitReportReporter -->
<testsuite skipped="0" hostname="IIUSL" name="com.datadriven.test.HalfEbdayTest" tests="6" failures="0" timestamp="08 May 2019 13:40:40 GMT" time="44.710" errors="0">
  <testcase name="halfEbayRegPageTest" time="6.589" classname="com.datadriven.test.HalfEbdayTest"/>
  <testcase name="halfEbayRegPageTest" time="6.445" classname="com.datadriven.test.HalfEbdayTest"/>
  <testcase name="halfEbayRegPageTest" time="6.463" classname="com.datadriven.test.HalfEbdayTest"/>
  <testcase name="halfEbayRegPageTest" time="12.432" classname="com.datadriven.test.HalfEbdayTest"/>
  <testcase name="halfEbayRegPageTest" time="6.429" classname="com.datadriven.test.HalfEbdayTest"/>
  <testcase name="halfEbayRegPageTest" time="6.352" classname="com.datadriven.test.HalfEbdayTest"/>
</testsuite> <!-- com.datadriven.test.HalfEbdayTest -->
