<?xml version="1.0" encoding="UTF-8"?>
<!-- Generated by org.testng.reporters.JUnitReportReporter -->
<testsuite skipped="0" hostname="IIUSL" name="google.Test.Project.ExceptionTimeOutTest" tests="1" failures="0" timestamp="16 Apr 2019 08:47:50 GMT" time="0.009" errors="0">
  <testcase name="test" time="0.009" classname="google.Test.Project.ExceptionTimeOutTest"/>
</testsuite> <!-- google.Test.Project.ExceptionTimeOutTest -->
