<?xml version="1.0" encoding="UTF-8"?>
<!-- Generated by org.testng.reporters.JUnitReportReporter -->
<testsuite skipped="0" hostname="IIUSL" name="google.Test.Project.TestNGFeatures" tests="4" failures="0" timestamp="23 Apr 2019 15:40:59 GMT" time="0.016" errors="0">
  <testcase name="logInTest" time="0.011" classname="google.Test.Project.TestNGFeatures"/>
  <testcase name="HomePageTest" time="0.002" classname="google.Test.Project.TestNGFeatures"/>
  <testcase name="RegitrationPage" time="0.002" classname="google.Test.Project.TestNGFeatures"/>
  <testcase name="SearchPage" time="0.001" classname="google.Test.Project.TestNGFeatures"/>
</testsuite> <!-- google.Test.Project.TestNGFeatures -->
