<?xml version="1.0" encoding="UTF-8"?>
<!-- Generated by org.testng.reporters.JUnitReportReporter -->
<testsuite skipped="0" hostname="IIUSL" name="google.Test.Project.GoogleTest" tests="6" failures="0" timestamp="15 May 2019 18:21:03 GMT" time="31.048" errors="0">
  <testcase name="googleTitleTest" time="5.757" classname="google.Test.Project.GoogleTest"/>
  <testcase name="mailLinkTest" time="5.205" classname="google.Test.Project.GoogleTest"/>
  <testcase name="googleLogoTest" time="4.809" classname="google.Test.Project.GoogleTest"/>
  <testcase name="test1" time="5.108" classname="google.Test.Project.GoogleTest"/>
  <testcase name="test2" time="5.069" classname="google.Test.Project.GoogleTest"/>
  <testcase name="test3" time="5.100" classname="google.Test.Project.GoogleTest"/>
</testsuite> <!-- google.Test.Project.GoogleTest -->
