<?xml version="1.0" encoding="UTF-8"?>
<!-- Generated by org.testng.reporters.JUnitReportReporter -->
<testsuite skipped="0" hostname="IIUSL" name="google.Test.Project.GoogleTitleTest" tests="2" failures="0" timestamp="24 Apr 2019 08:44:53 GMT" time="9.907" errors="0">
  <testcase name="googleLogoTest" time="5.408" classname="google.Test.Project.GoogleTitleTest"/>
  <testcase name="googleTitleTest" time="4.499" classname="google.Test.Project.GoogleTitleTest"/>
</testsuite> <!-- google.Test.Project.GoogleTitleTest -->
