<?xml version="1.0" encoding="UTF-8"?>
<!-- Generated by org.testng.reporters.JUnitReportReporter -->
<testsuite skipped="1" hostname="IIUSL" name="com.data.driven.test.HalfEbdayTest" tests="1" failures="0" timestamp="26 Apr 2019 16:30:49 GMT" time="0.000" errors="0">
  <testcase name="HalfEbayRegPageTest" time="0.000" classname="com.data.driven.test.HalfEbdayTest">
    <skipped/>
  </testcase> <!-- HalfEbayRegPageTest -->
</testsuite> <!-- com.data.driven.test.HalfEbdayTest -->
